<?xml version="1.0" encoding="UTF-8"?>
<testsuite xmlns:xsi="http://www.w3.org/2001/XMLSchema-instance" xsi:noNamespaceSchemaLocation="https://maven.apache.org/surefire/maven-surefire-plugin/xsd/surefire-test-report.xsd" name="AnnalynsInfiltrationTest" time="1.593" tests="30" errors="0" skipped="0" failures="0">
  <properties>
    <property name="java.specification.version" value="17"/>
    <property name="sun.jnu.encoding" value="UTF-8"/>
    <property name="java.class.path" value="/home/runner/Tema2AnalynBooleansMadalinaPopescu/tema2_1/target/test-classes:/home/runner/Tema2AnalynBooleansMadalinaPopescu/tema2_1/target/classes:/home/runner/.m2/repository/junit/junit/4.11/junit-4.11.jar:/home/runner/.m2/repository/org/hamcrest/hamcrest-core/1.3/hamcrest-core-1.3.jar:/home/runner/.m2/repository/org/assertj/assertj-core/3.22.0/assertj-core-3.22.0.jar:"/>
    <property name="java.vm.vendor" value="GraalVM Community"/>
    <property name="sun.arch.data.model" value="64"/>
    <property name="java.vendor.url" value="https://www.graalvm.org/"/>
    <property name="os.name" value="Linux"/>
    <property name="java.vm.specification.version" value="17"/>
    <property name="sun.java.launcher" value="SUN_STANDARD"/>
    <property name="user.country" value="US"/>
    <property name="sun.boot.library.path" value="/nix/store/jd8g6gkgxzz40842f1g51fca5bg9ilmj-graalvm17-ce/lib"/>
    <property name="sun.java.command" value="/home/runner/Tema2AnalynBooleansMadalinaPopescu/tema2_1/target/surefire/surefirebooter17847569897141032978.jar /home/runner/Tema2AnalynBooleansMadalinaPopescu/tema2_1/target/surefire 2022-11-02T08-13-26_144-jvmRun1 surefire2583177825386413188tmp surefire_013588087473662271070tmp"/>
    <property name="jdk.debug" value="release"/>
    <property name="surefire.test.class.path" value="/home/runner/Tema2AnalynBooleansMadalinaPopescu/tema2_1/target/test-classes:/home/runner/Tema2AnalynBooleansMadalinaPopescu/tema2_1/target/classes:/home/runner/.m2/repository/junit/junit/4.11/junit-4.11.jar:/home/runner/.m2/repository/org/hamcrest/hamcrest-core/1.3/hamcrest-core-1.3.jar:/home/runner/.m2/repository/org/assertj/assertj-core/3.22.0/assertj-core-3.22.0.jar:"/>
    <property name="sun.cpu.endian" value="little"/>
    <property name="user.home" value="/home/runner"/>
    <property name="user.language" value="en"/>
    <property name="java.specification.vendor" value="Oracle Corporation"/>
    <property name="java.version.date" value="2021-10-19"/>
    <property name="java.home" value="/nix/store/jd8g6gkgxzz40842f1g51fca5bg9ilmj-graalvm17-ce"/>
    <property name="file.separator" value="/"/>
    <property name="basedir" value="/home/runner/Tema2AnalynBooleansMadalinaPopescu/tema2_1"/>
    <property name="java.vm.compressedOopsMode" value="32-bit"/>
    <property name="jdk.internal.vm.ci.enabled" value="true"/>
    <property name="line.separator" value="&#10;"/>
    <property name="java.specification.name" value="Java Platform API Specification"/>
    <property name="java.vm.specification.vendor" value="Oracle Corporation"/>
    <property name="surefire.real.class.path" value="/home/runner/Tema2AnalynBooleansMadalinaPopescu/tema2_1/target/surefire/surefirebooter17847569897141032978.jar"/>
    <property name="sun.management.compiler" value="HotSpot 64-Bit Tiered Compilers"/>
    <property name="java.runtime.version" value="17.0.1+12-jvmci-21.3-b05"/>
    <property name="user.name" value="runner"/>
    <property name="path.separator" value=":"/>
    <property name="os.version" value="5.15.0-1021-gcp"/>
    <property name="java.runtime.name" value="OpenJDK Runtime Environment"/>
    <property name="file.encoding" value="UTF-8"/>
    <property name="java.vm.name" value="OpenJDK 64-Bit Server VM"/>
    <property name="java.vendor.version" value="GraalVM CE 21.3.0"/>
    <property name="localRepository" value="/home/runner/.m2/repository"/>
    <property name="java.vendor.url.bug" value="https://github.com/oracle/graal/issues"/>
    <property name="java.io.tmpdir" value="/tmp"/>
    <property name="java.version" value="17.0.1"/>
    <property name="user.dir" value="/home/runner/Tema2AnalynBooleansMadalinaPopescu/tema2_1"/>
    <property name="os.arch" value="amd64"/>
    <property name="java.vm.specification.name" value="Java Virtual Machine Specification"/>
    <property name="native.encoding" value="UTF-8"/>
    <property name="java.library.path" value="/nix/store/g2iy5k2yx2kcbr4klwv58fbg0vhjfkyp-cups-2.3.3op2-lib/lib:/nix/store/z3wflph8ngraqv8z3vznrr15wrw37syy-cairo-1.16.0/lib:/nix/store/f5jhxrj5cxq2mnahwj4nba3sw4g5956c-glib-2.70.1/lib:/nix/store/z2phd72675fma3nz1l4jzpignf4zycvd-gtk+3-3.24.30/lib:/nix/store/g2iy5k2yx2kcbr4klwv58fbg0vhjfkyp-cups-2.3.3op2-lib/lib:/nix/store/z3wflph8ngraqv8z3vznrr15wrw37syy-cairo-1.16.0/lib:/nix/store/f5jhxrj5cxq2mnahwj4nba3sw4g5956c-glib-2.70.1/lib:/nix/store/z2phd72675fma3nz1l4jzpignf4zycvd-gtk+3-3.24.30/lib:/nix/store/p36pgcv991mq5srvg765b78yqpxvk3qs-mesa-21.3.3-drivers/lib:/nix/store/m4bkxaj6v03nd0afc276szq9vy4wrvlc-mesa_glxindirect/lib:/nix/store/mav4251if1ahjq5vkpwycyyvnmy459c4-pulseaudio-14.2/lib:/usr/java/packages/lib:/usr/lib64:/lib64:/lib:/usr/lib"/>
    <property name="java.vm.info" value="mixed mode, sharing"/>
    <property name="java.vendor" value="GraalVM Community"/>
    <property name="java.vm.version" value="17.0.1+12-jvmci-21.3-b05"/>
    <property name="sun.io.unicode.encoding" value="UnicodeLittle"/>
    <property name="java.class.version" value="61.0"/>
  </properties>
  <testcase name="can_spy_if_everyone_but_prisoner_is_sleeping" classname="AnnalynsInfiltrationTest" time="0.713"/>
  <testcase name="cannot_release_prisoner_if_only_archer_is_asleep_and_pet_dog_is_absent" classname="AnnalynsInfiltrationTest" time="0"/>
  <testcase name="cannot_signal_prisoner_if_archer_is_awake_and_prisoner_is_sleeping" classname="AnnalynsInfiltrationTest" time="0"/>
  <testcase name="cannot_signal_prisoner_if_archer_and_prisoner_are_both_sleeping" classname="AnnalynsInfiltrationTest" time="0.063"/>
  <testcase name="cannot_release_prisoner_if_only_knight_is_awake_and_pet_dog_is_absent" classname="AnnalynsInfiltrationTest" time="0.002"/>
  <testcase name="cannot_release_prisoner_if_everyone_is_asleep_and_pet_dog_is_absent" classname="AnnalynsInfiltrationTest" time="0.002"/>
  <testcase name="cannot_release_prisoner_if_only_prisoner_is_asleep_and_pet_dog_is_present" classname="AnnalynsInfiltrationTest" time="0"/>
  <testcase name="can_spy_if_only_knight_is_sleeping" classname="AnnalynsInfiltrationTest" time="0.001"/>
  <testcase name="cannot_release_prisoner_if_everyone_is_awake_and_pet_dog_is_absent" classname="AnnalynsInfiltrationTest" time="0.001"/>
  <testcase name="can_spy_if_everyone_is_awake" classname="AnnalynsInfiltrationTest" time="0"/>
  <testcase name="can_execute_fast_attack_if_knight_is_sleeping" classname="AnnalynsInfiltrationTest" time="0.001"/>
  <testcase name="can_release_prisoner_if_only_archer_is_asleep_and_pet_dog_is_present" classname="AnnalynsInfiltrationTest" time="0.001"/>
  <testcase name="can_release_prisoner_if_everyone_is_asleep_and_pet_dog_is_present" classname="AnnalynsInfiltrationTest" time="0.001"/>
  <testcase name="can_spy_if_only_archer_is_sleeping" classname="AnnalynsInfiltrationTest" time="0.005"/>
  <testcase name="cannot_execute_fast_attack_if_knight_is_awake" classname="AnnalynsInfiltrationTest" time="0"/>
  <testcase name="cannot_release_prisoner_if_only_archer_is_awake_and_pet_dog_is_absent" classname="AnnalynsInfiltrationTest" time="0.003"/>
  <testcase name="can_release_prisoner_if_only_knight_is_awake_and_pet_dog_is_present" classname="AnnalynsInfiltrationTest" time="0"/>
  <testcase name="cannot_release_prisoner_if_only_knight_is_asleep_and_pet_dog_is_absent" classname="AnnalynsInfiltrationTest" time="0"/>
  <testcase name="can_release_prisoner_if_only_prisoner_is_awake_and_pet_dog_is_present" classname="AnnalynsInfiltrationTest" time="0"/>
  <testcase name="can_release_prisoner_if_only_prisoner_is_awake_and_pet_dog_is_absent" classname="AnnalynsInfiltrationTest" time="0.001"/>
  <testcase name="can_spy_if_only_prisoner_is_sleeping" classname="AnnalynsInfiltrationTest" time="0"/>
  <testcase name="cannot_release_prisoner_if_only_knight_is_asleep_and_pet_dog_is_present" classname="AnnalynsInfiltrationTest" time="0"/>
  <testcase name="cannot_spy_if_everyone_is_sleeping" classname="AnnalynsInfiltrationTest" time="0"/>
  <testcase name="cannot_release_prisoner_if_only_archer_is_awake_and_pet_dog_is_present" classname="AnnalynsInfiltrationTest" time="0"/>
  <testcase name="can_signal_prisoner_if_archer_is_sleeping_and_prisoner_is_awake" classname="AnnalynsInfiltrationTest" time="0.001"/>
  <testcase name="cannot_release_prisoner_if_everyone_is_awake_and_pet_dog_is_present" classname="AnnalynsInfiltrationTest" time="0.002"/>
  <testcase name="can_spy_if_everyone_but_knight_is_sleeping" classname="AnnalynsInfiltrationTest" time="0.001"/>
  <testcase name="cannot_release_prisoner_if_only_prisoner_is_asleep_and_pet_dog_is_absent" classname="AnnalynsInfiltrationTest" time="0.001"/>
  <testcase name="can_spy_if_everyone_but_archer_is_sleeping" classname="AnnalynsInfiltrationTest" time="0"/>
  <testcase name="cannot_signal_prisoner_if_archer_and_prisoner_are_both_awake" classname="AnnalynsInfiltrationTest" time="0.002"/>
</testsuite>